<?xml version="1.0" encoding="UTF-8"?>
<testsuite xmlns:xsi="http://www.w3.org/2001/XMLSchema-instance" xsi:noNamespaceSchemaLocation="https://maven.apache.org/surefire/maven-surefire-plugin/xsd/surefire-test-report-3.0.xsd" version="3.0" name="TestSuite" time="26.821" tests="26" errors="0" skipped="3" failures="1">
  <properties>
    <property name="java.specification.version" value="15"/>
    <property name="webdriver.chrome.driver" value="D:\Automation\chromedriver_win32 (1)\chromedriver.exe"/>
    <property name="sun.cpu.isalist" value="amd64"/>
    <property name="sun.jnu.encoding" value="Cp1252"/>
    <property name="java.class.path" value="C:\Users\DELL\GitApr17admin\target\test-classes;C:\Users\DELL\GitApr17admin\target\classes;C:\Users\DELL\.m2\repository\junit\junit\4.11\junit-4.11.jar;C:\Users\DELL\.m2\repository\org\hamcrest\hamcrest-core\1.3\hamcrest-core-1.3.jar;C:\Users\DELL\.m2\repository\org\seleniumhq\selenium\selenium-java\4.0.0-alpha-7\selenium-java-4.0.0-alpha-7.jar;C:\Users\DELL\.m2\repository\org\seleniumhq\selenium\selenium-api\4.0.0-alpha-7\selenium-api-4.0.0-alpha-7.jar;C:\Users\DELL\.m2\repository\org\seleniumhq\selenium\selenium-chrome-driver\4.0.0-alpha-7\selenium-chrome-driver-4.0.0-alpha-7.jar;C:\Users\DELL\.m2\repository\com\google\auto\service\auto-service-annotations\1.0-rc7\auto-service-annotations-1.0-rc7.jar;C:\Users\DELL\.m2\repository\com\google\auto\service\auto-service\1.0-rc7\auto-service-1.0-rc7.jar;C:\Users\DELL\.m2\repository\com\google\auto\auto-common\0.10\auto-common-0.10.jar;C:\Users\DELL\.m2\repository\com\google\guava\guava\30.0-jre\guava-30.0-jre.jar;C:\Users\DELL\.m2\repository\com\google\guava\failureaccess\1.0.1\failureaccess-1.0.1.jar;C:\Users\DELL\.m2\repository\com\google\guava\listenablefuture\9999.0-empty-to-avoid-conflict-with-guava\listenablefuture-9999.0-empty-to-avoid-conflict-with-guava.jar;C:\Users\DELL\.m2\repository\com\google\code\findbugs\jsr305\3.0.2\jsr305-3.0.2.jar;C:\Users\DELL\.m2\repository\org\checkerframework\checker-qual\3.5.0\checker-qual-3.5.0.jar;C:\Users\DELL\.m2\repository\com\google\errorprone\error_prone_annotations\2.3.4\error_prone_annotations-2.3.4.jar;C:\Users\DELL\.m2\repository\com\google\j2objc\j2objc-annotations\1.3\j2objc-annotations-1.3.jar;C:\Users\DELL\.m2\repository\org\seleniumhq\selenium\selenium-chromium-driver\4.0.0-alpha-7\selenium-chromium-driver-4.0.0-alpha-7.jar;C:\Users\DELL\.m2\repository\org\seleniumhq\selenium\selenium-devtools\4.0.0-alpha-7\selenium-devtools-4.0.0-alpha-7.jar;C:\Users\DELL\.m2\repository\org\seleniumhq\selenium\selenium-http\4.0.0-alpha-7\selenium-http-4.0.0-alpha-7.jar;C:\Users\DELL\.m2\repository\org\seleniumhq\selenium\selenium-json\4.0.0-alpha-7\selenium-json-4.0.0-alpha-7.jar;C:\Users\DELL\.m2\repository\org\seleniumhq\selenium\selenium-devtools-v84\4.0.0-alpha-7\selenium-devtools-v84-4.0.0-alpha-7.jar;C:\Users\DELL\.m2\repository\org\seleniumhq\selenium\selenium-devtools-v85\4.0.0-alpha-7\selenium-devtools-v85-4.0.0-alpha-7.jar;C:\Users\DELL\.m2\repository\org\seleniumhq\selenium\selenium-devtools-v86\4.0.0-alpha-7\selenium-devtools-v86-4.0.0-alpha-7.jar;C:\Users\DELL\.m2\repository\org\seleniumhq\selenium\selenium-devtools-v87\4.0.0-alpha-7\selenium-devtools-v87-4.0.0-alpha-7.jar;C:\Users\DELL\.m2\repository\org\seleniumhq\selenium\selenium-edge-driver\4.0.0-alpha-7\selenium-edge-driver-4.0.0-alpha-7.jar;C:\Users\DELL\.m2\repository\org\seleniumhq\selenium\selenium-edgehtml-driver\4.0.0-alpha-7\selenium-edgehtml-driver-4.0.0-alpha-7.jar;C:\Users\DELL\.m2\repository\org\seleniumhq\selenium\selenium-firefox-driver\4.0.0-alpha-7\selenium-firefox-driver-4.0.0-alpha-7.jar;C:\Users\DELL\.m2\repository\org\seleniumhq\selenium\selenium-firefox-xpi-driver\4.0.0-alpha-7\selenium-firefox-xpi-driver-4.0.0-alpha-7.jar;C:\Users\DELL\.m2\repository\org\seleniumhq\selenium\selenium-ie-driver\4.0.0-alpha-7\selenium-ie-driver-4.0.0-alpha-7.jar;C:\Users\DELL\.m2\repository\org\seleniumhq\selenium\selenium-opera-driver\4.0.0-alpha-7\selenium-opera-driver-4.0.0-alpha-7.jar;C:\Users\DELL\.m2\repository\org\seleniumhq\selenium\selenium-remote-driver\4.0.0-alpha-7\selenium-remote-driver-4.0.0-alpha-7.jar;C:\Users\DELL\.m2\repository\com\typesafe\netty\netty-reactive-streams\2.0.4\netty-reactive-streams-2.0.4.jar;C:\Users\DELL\.m2\repository\io\netty\netty-handler\4.1.43.Final\netty-handler-4.1.43.Final.jar;C:\Users\DELL\.m2\repository\io\grpc\grpc-context\1.32.1\grpc-context-1.32.1.jar;C:\Users\DELL\.m2\repository\io\netty\netty-buffer\4.1.53.Final\netty-buffer-4.1.53.Final.jar;C:\Users\DELL\.m2\repository\io\netty\netty-codec-http\4.1.53.Final\netty-codec-http-4.1.53.Final.jar;C:\Users\DELL\.m2\repository\io\netty\netty-codec\4.1.53.Final\netty-codec-4.1.53.Final.jar;C:\Users\DELL\.m2\repository\io\netty\netty-common\4.1.53.Final\netty-common-4.1.53.Final.jar;C:\Users\DELL\.m2\repository\io\netty\netty-transport-native-epoll\4.1.53.Final\netty-transport-native-epoll-4.1.53.Final.jar;C:\Users\DELL\.m2\repository\io\netty\netty-transport-native-epoll\4.1.53.Final\netty-transport-native-epoll-4.1.53.Final-linux-x86_64.jar;C:\Users\DELL\.m2\repository\io\netty\netty-transport-native-kqueue\4.1.53.Final\netty-transport-native-kqueue-4.1.53.Final.jar;C:\Users\DELL\.m2\repository\io\netty\netty-transport-native-kqueue\4.1.53.Final\netty-transport-native-kqueue-4.1.53.Final-osx-x86_64.jar;C:\Users\DELL\.m2\repository\io\netty\netty-transport-native-unix-common\4.1.53.Final\netty-transport-native-unix-common-4.1.53.Final.jar;C:\Users\DELL\.m2\repository\io\netty\netty-transport\4.1.53.Final\netty-transport-4.1.53.Final.jar;C:\Users\DELL\.m2\repository\io\netty\netty-resolver\4.1.53.Final\netty-resolver-4.1.53.Final.jar;C:\Users\DELL\.m2\repository\io\opentelemetry\opentelemetry-api\0.9.1\opentelemetry-api-0.9.1.jar;C:\Users\DELL\.m2\repository\io\opentelemetry\opentelemetry-context-prop\0.9.1\opentelemetry-context-prop-0.9.1.jar;C:\Users\DELL\.m2\repository\io\opentelemetry\opentelemetry-sdk\0.9.1\opentelemetry-sdk-0.9.1.jar;C:\Users\DELL\.m2\repository\io\opentelemetry\opentelemetry-sdk-common\0.9.1\opentelemetry-sdk-common-0.9.1.jar;C:\Users\DELL\.m2\repository\io\opentelemetry\opentelemetry-sdk-baggage\0.9.1\opentelemetry-sdk-baggage-0.9.1.jar;C:\Users\DELL\.m2\repository\io\opentelemetry\opentelemetry-sdk-metrics\0.9.1\opentelemetry-sdk-metrics-0.9.1.jar;C:\Users\DELL\.m2\repository\io\opentelemetry\opentelemetry-sdk-tracing\0.9.1\opentelemetry-sdk-tracing-0.9.1.jar;C:\Users\DELL\.m2\repository\io\projectreactor\netty\reactor-netty-http\1.0.0\reactor-netty-http-1.0.0.jar;C:\Users\DELL\.m2\repository\io\netty\netty-codec-http2\4.1.53.Final\netty-codec-http2-4.1.53.Final.jar;C:\Users\DELL\.m2\repository\io\netty\netty-resolver-dns\4.1.53.Final\netty-resolver-dns-4.1.53.Final.jar;C:\Users\DELL\.m2\repository\io\netty\netty-codec-dns\4.1.53.Final\netty-codec-dns-4.1.53.Final.jar;C:\Users\DELL\.m2\repository\io\projectreactor\netty\reactor-netty-core\1.0.0\reactor-netty-core-1.0.0.jar;C:\Users\DELL\.m2\repository\io\projectreactor\netty\reactor-netty\1.0.0\reactor-netty-1.0.0.jar;C:\Users\DELL\.m2\repository\io\projectreactor\netty\reactor-netty-http-brave\1.0.0\reactor-netty-http-brave-1.0.0.jar;C:\Users\DELL\.m2\repository\io\zipkin\brave\brave-instrumentation-http\5.12.7\brave-instrumentation-http-5.12.7.jar;C:\Users\DELL\.m2\repository\io\zipkin\brave\brave\5.12.7\brave-5.12.7.jar;C:\Users\DELL\.m2\repository\io\zipkin\reporter2\zipkin-reporter-brave\2.15.2\zipkin-reporter-brave-2.15.2.jar;C:\Users\DELL\.m2\repository\io\zipkin\reporter2\zipkin-reporter\2.15.2\zipkin-reporter-2.15.2.jar;C:\Users\DELL\.m2\repository\io\zipkin\zipkin2\zipkin\2.21.7\zipkin-2.21.7.jar;C:\Users\DELL\.m2\repository\io\projectreactor\reactor-core\3.4.0\reactor-core-3.4.0.jar;C:\Users\DELL\.m2\repository\net\bytebuddy\byte-buddy\1.10.18\byte-buddy-1.10.18.jar;C:\Users\DELL\.m2\repository\org\apache\commons\commons-exec\1.3\commons-exec-1.3.jar;C:\Users\DELL\.m2\repository\org\asynchttpclient\async-http-client\2.12.1\async-http-client-2.12.1.jar;C:\Users\DELL\.m2\repository\org\asynchttpclient\async-http-client-netty-utils\2.12.1\async-http-client-netty-utils-2.12.1.jar;C:\Users\DELL\.m2\repository\io\netty\netty-codec-socks\4.1.48.Final\netty-codec-socks-4.1.48.Final.jar;C:\Users\DELL\.m2\repository\io\netty\netty-handler-proxy\4.1.48.Final\netty-handler-proxy-4.1.48.Final.jar;C:\Users\DELL\.m2\repository\org\slf4j\slf4j-api\1.7.30\slf4j-api-1.7.30.jar;C:\Users\DELL\.m2\repository\com\sun\activation\javax.activation\1.2.0\javax.activation-1.2.0.jar;C:\Users\DELL\.m2\repository\org\seleniumhq\selenium\selenium-safari-driver\4.0.0-alpha-7\selenium-safari-driver-4.0.0-alpha-7.jar;C:\Users\DELL\.m2\repository\org\seleniumhq\selenium\selenium-support\4.0.0-alpha-7\selenium-support-4.0.0-alpha-7.jar;C:\Users\DELL\.m2\repository\org\testng\testng\7.4.0\testng-7.4.0.jar;C:\Users\DELL\.m2\repository\com\beust\jcommander\1.78\jcommander-1.78.jar;C:\Users\DELL\.m2\repository\org\webjars\jquery\3.5.1\jquery-3.5.1.jar;C:\Users\DELL\.m2\repository\commons-io\commons-io\2.8.0\commons-io-2.8.0.jar;C:\Users\DELL\.m2\repository\org\apache\logging\log4j\log4j-core\2.14.1\log4j-core-2.14.1.jar;C:\Users\DELL\.m2\repository\org\apache\logging\log4j\log4j-api\2.14.1\log4j-api-2.14.1.jar;C:\Users\DELL\.m2\repository\com\aventstack\extentreports\5.0.8\extentreports-5.0.8.jar;C:\Users\DELL\.m2\repository\io\reactivex\rxjava3\rxjava\3.0.4\rxjava-3.0.4.jar;C:\Users\DELL\.m2\repository\org\reactivestreams\reactive-streams\1.0.3\reactive-streams-1.0.3.jar;C:\Users\DELL\.m2\repository\org\freemarker\freemarker\2.3.30\freemarker-2.3.30.jar;C:\Users\DELL\.m2\repository\org\projectlombok\lombok\1.18.12\lombok-1.18.12.jar;C:\Users\DELL\.m2\repository\com\google\code\gson\gson\2.8.6\gson-2.8.6.jar;"/>
    <property name="java.vm.vendor" value="Oracle Corporation"/>
    <property name="sun.arch.data.model" value="64"/>
    <property name="user.variant" value=""/>
    <property name="java.vendor.url" value="https://java.oracle.com/"/>
    <property name="user.timezone" value="Asia/Calcutta"/>
    <property name="os.name" value="Windows 10"/>
    <property name="java.vm.specification.version" value="15"/>
    <property name="sun.java.launcher" value="SUN_STANDARD"/>
    <property name="user.country" value="IN"/>
    <property name="sun.boot.library.path" value="D:\Automation\jdk-15.0.2_windows-x64_bin\jdk-15.0.2\bin"/>
    <property name="sun.java.command" value="C:\Users\DELL\AppData\Local\Temp\surefire18096001425185921419\surefirebooter15495388478919822534.jar C:\Users\DELL\AppData\Local\Temp\surefire18096001425185921419 2021-04-22T16-06-54_425-jvmRun1 surefire17245558294407836423tmp surefire_010254336205157527240tmp"/>
    <property name="jdk.debug" value="release"/>
    <property name="surefire.test.class.path" value="C:\Users\DELL\GitApr17admin\target\test-classes;C:\Users\DELL\GitApr17admin\target\classes;C:\Users\DELL\.m2\repository\junit\junit\4.11\junit-4.11.jar;C:\Users\DELL\.m2\repository\org\hamcrest\hamcrest-core\1.3\hamcrest-core-1.3.jar;C:\Users\DELL\.m2\repository\org\seleniumhq\selenium\selenium-java\4.0.0-alpha-7\selenium-java-4.0.0-alpha-7.jar;C:\Users\DELL\.m2\repository\org\seleniumhq\selenium\selenium-api\4.0.0-alpha-7\selenium-api-4.0.0-alpha-7.jar;C:\Users\DELL\.m2\repository\org\seleniumhq\selenium\selenium-chrome-driver\4.0.0-alpha-7\selenium-chrome-driver-4.0.0-alpha-7.jar;C:\Users\DELL\.m2\repository\com\google\auto\service\auto-service-annotations\1.0-rc7\auto-service-annotations-1.0-rc7.jar;C:\Users\DELL\.m2\repository\com\google\auto\service\auto-service\1.0-rc7\auto-service-1.0-rc7.jar;C:\Users\DELL\.m2\repository\com\google\auto\auto-common\0.10\auto-common-0.10.jar;C:\Users\DELL\.m2\repository\com\google\guava\guava\30.0-jre\guava-30.0-jre.jar;C:\Users\DELL\.m2\repository\com\google\guava\failureaccess\1.0.1\failureaccess-1.0.1.jar;C:\Users\DELL\.m2\repository\com\google\guava\listenablefuture\9999.0-empty-to-avoid-conflict-with-guava\listenablefuture-9999.0-empty-to-avoid-conflict-with-guava.jar;C:\Users\DELL\.m2\repository\com\google\code\findbugs\jsr305\3.0.2\jsr305-3.0.2.jar;C:\Users\DELL\.m2\repository\org\checkerframework\checker-qual\3.5.0\checker-qual-3.5.0.jar;C:\Users\DELL\.m2\repository\com\google\errorprone\error_prone_annotations\2.3.4\error_prone_annotations-2.3.4.jar;C:\Users\DELL\.m2\repository\com\google\j2objc\j2objc-annotations\1.3\j2objc-annotations-1.3.jar;C:\Users\DELL\.m2\repository\org\seleniumhq\selenium\selenium-chromium-driver\4.0.0-alpha-7\selenium-chromium-driver-4.0.0-alpha-7.jar;C:\Users\DELL\.m2\repository\org\seleniumhq\selenium\selenium-devtools\4.0.0-alpha-7\selenium-devtools-4.0.0-alpha-7.jar;C:\Users\DELL\.m2\repository\org\seleniumhq\selenium\selenium-http\4.0.0-alpha-7\selenium-http-4.0.0-alpha-7.jar;C:\Users\DELL\.m2\repository\org\seleniumhq\selenium\selenium-json\4.0.0-alpha-7\selenium-json-4.0.0-alpha-7.jar;C:\Users\DELL\.m2\repository\org\seleniumhq\selenium\selenium-devtools-v84\4.0.0-alpha-7\selenium-devtools-v84-4.0.0-alpha-7.jar;C:\Users\DELL\.m2\repository\org\seleniumhq\selenium\selenium-devtools-v85\4.0.0-alpha-7\selenium-devtools-v85-4.0.0-alpha-7.jar;C:\Users\DELL\.m2\repository\org\seleniumhq\selenium\selenium-devtools-v86\4.0.0-alpha-7\selenium-devtools-v86-4.0.0-alpha-7.jar;C:\Users\DELL\.m2\repository\org\seleniumhq\selenium\selenium-devtools-v87\4.0.0-alpha-7\selenium-devtools-v87-4.0.0-alpha-7.jar;C:\Users\DELL\.m2\repository\org\seleniumhq\selenium\selenium-edge-driver\4.0.0-alpha-7\selenium-edge-driver-4.0.0-alpha-7.jar;C:\Users\DELL\.m2\repository\org\seleniumhq\selenium\selenium-edgehtml-driver\4.0.0-alpha-7\selenium-edgehtml-driver-4.0.0-alpha-7.jar;C:\Users\DELL\.m2\repository\org\seleniumhq\selenium\selenium-firefox-driver\4.0.0-alpha-7\selenium-firefox-driver-4.0.0-alpha-7.jar;C:\Users\DELL\.m2\repository\org\seleniumhq\selenium\selenium-firefox-xpi-driver\4.0.0-alpha-7\selenium-firefox-xpi-driver-4.0.0-alpha-7.jar;C:\Users\DELL\.m2\repository\org\seleniumhq\selenium\selenium-ie-driver\4.0.0-alpha-7\selenium-ie-driver-4.0.0-alpha-7.jar;C:\Users\DELL\.m2\repository\org\seleniumhq\selenium\selenium-opera-driver\4.0.0-alpha-7\selenium-opera-driver-4.0.0-alpha-7.jar;C:\Users\DELL\.m2\repository\org\seleniumhq\selenium\selenium-remote-driver\4.0.0-alpha-7\selenium-remote-driver-4.0.0-alpha-7.jar;C:\Users\DELL\.m2\repository\com\typesafe\netty\netty-reactive-streams\2.0.4\netty-reactive-streams-2.0.4.jar;C:\Users\DELL\.m2\repository\io\netty\netty-handler\4.1.43.Final\netty-handler-4.1.43.Final.jar;C:\Users\DELL\.m2\repository\io\grpc\grpc-context\1.32.1\grpc-context-1.32.1.jar;C:\Users\DELL\.m2\repository\io\netty\netty-buffer\4.1.53.Final\netty-buffer-4.1.53.Final.jar;C:\Users\DELL\.m2\repository\io\netty\netty-codec-http\4.1.53.Final\netty-codec-http-4.1.53.Final.jar;C:\Users\DELL\.m2\repository\io\netty\netty-codec\4.1.53.Final\netty-codec-4.1.53.Final.jar;C:\Users\DELL\.m2\repository\io\netty\netty-common\4.1.53.Final\netty-common-4.1.53.Final.jar;C:\Users\DELL\.m2\repository\io\netty\netty-transport-native-epoll\4.1.53.Final\netty-transport-native-epoll-4.1.53.Final.jar;C:\Users\DELL\.m2\repository\io\netty\netty-transport-native-epoll\4.1.53.Final\netty-transport-native-epoll-4.1.53.Final-linux-x86_64.jar;C:\Users\DELL\.m2\repository\io\netty\netty-transport-native-kqueue\4.1.53.Final\netty-transport-native-kqueue-4.1.53.Final.jar;C:\Users\DELL\.m2\repository\io\netty\netty-transport-native-kqueue\4.1.53.Final\netty-transport-native-kqueue-4.1.53.Final-osx-x86_64.jar;C:\Users\DELL\.m2\repository\io\netty\netty-transport-native-unix-common\4.1.53.Final\netty-transport-native-unix-common-4.1.53.Final.jar;C:\Users\DELL\.m2\repository\io\netty\netty-transport\4.1.53.Final\netty-transport-4.1.53.Final.jar;C:\Users\DELL\.m2\repository\io\netty\netty-resolver\4.1.53.Final\netty-resolver-4.1.53.Final.jar;C:\Users\DELL\.m2\repository\io\opentelemetry\opentelemetry-api\0.9.1\opentelemetry-api-0.9.1.jar;C:\Users\DELL\.m2\repository\io\opentelemetry\opentelemetry-context-prop\0.9.1\opentelemetry-context-prop-0.9.1.jar;C:\Users\DELL\.m2\repository\io\opentelemetry\opentelemetry-sdk\0.9.1\opentelemetry-sdk-0.9.1.jar;C:\Users\DELL\.m2\repository\io\opentelemetry\opentelemetry-sdk-common\0.9.1\opentelemetry-sdk-common-0.9.1.jar;C:\Users\DELL\.m2\repository\io\opentelemetry\opentelemetry-sdk-baggage\0.9.1\opentelemetry-sdk-baggage-0.9.1.jar;C:\Users\DELL\.m2\repository\io\opentelemetry\opentelemetry-sdk-metrics\0.9.1\opentelemetry-sdk-metrics-0.9.1.jar;C:\Users\DELL\.m2\repository\io\opentelemetry\opentelemetry-sdk-tracing\0.9.1\opentelemetry-sdk-tracing-0.9.1.jar;C:\Users\DELL\.m2\repository\io\projectreactor\netty\reactor-netty-http\1.0.0\reactor-netty-http-1.0.0.jar;C:\Users\DELL\.m2\repository\io\netty\netty-codec-http2\4.1.53.Final\netty-codec-http2-4.1.53.Final.jar;C:\Users\DELL\.m2\repository\io\netty\netty-resolver-dns\4.1.53.Final\netty-resolver-dns-4.1.53.Final.jar;C:\Users\DELL\.m2\repository\io\netty\netty-codec-dns\4.1.53.Final\netty-codec-dns-4.1.53.Final.jar;C:\Users\DELL\.m2\repository\io\projectreactor\netty\reactor-netty-core\1.0.0\reactor-netty-core-1.0.0.jar;C:\Users\DELL\.m2\repository\io\projectreactor\netty\reactor-netty\1.0.0\reactor-netty-1.0.0.jar;C:\Users\DELL\.m2\repository\io\projectreactor\netty\reactor-netty-http-brave\1.0.0\reactor-netty-http-brave-1.0.0.jar;C:\Users\DELL\.m2\repository\io\zipkin\brave\brave-instrumentation-http\5.12.7\brave-instrumentation-http-5.12.7.jar;C:\Users\DELL\.m2\repository\io\zipkin\brave\brave\5.12.7\brave-5.12.7.jar;C:\Users\DELL\.m2\repository\io\zipkin\reporter2\zipkin-reporter-brave\2.15.2\zipkin-reporter-brave-2.15.2.jar;C:\Users\DELL\.m2\repository\io\zipkin\reporter2\zipkin-reporter\2.15.2\zipkin-reporter-2.15.2.jar;C:\Users\DELL\.m2\repository\io\zipkin\zipkin2\zipkin\2.21.7\zipkin-2.21.7.jar;C:\Users\DELL\.m2\repository\io\projectreactor\reactor-core\3.4.0\reactor-core-3.4.0.jar;C:\Users\DELL\.m2\repository\net\bytebuddy\byte-buddy\1.10.18\byte-buddy-1.10.18.jar;C:\Users\DELL\.m2\repository\org\apache\commons\commons-exec\1.3\commons-exec-1.3.jar;C:\Users\DELL\.m2\repository\org\asynchttpclient\async-http-client\2.12.1\async-http-client-2.12.1.jar;C:\Users\DELL\.m2\repository\org\asynchttpclient\async-http-client-netty-utils\2.12.1\async-http-client-netty-utils-2.12.1.jar;C:\Users\DELL\.m2\repository\io\netty\netty-codec-socks\4.1.48.Final\netty-codec-socks-4.1.48.Final.jar;C:\Users\DELL\.m2\repository\io\netty\netty-handler-proxy\4.1.48.Final\netty-handler-proxy-4.1.48.Final.jar;C:\Users\DELL\.m2\repository\org\slf4j\slf4j-api\1.7.30\slf4j-api-1.7.30.jar;C:\Users\DELL\.m2\repository\com\sun\activation\javax.activation\1.2.0\javax.activation-1.2.0.jar;C:\Users\DELL\.m2\repository\org\seleniumhq\selenium\selenium-safari-driver\4.0.0-alpha-7\selenium-safari-driver-4.0.0-alpha-7.jar;C:\Users\DELL\.m2\repository\org\seleniumhq\selenium\selenium-support\4.0.0-alpha-7\selenium-support-4.0.0-alpha-7.jar;C:\Users\DELL\.m2\repository\org\testng\testng\7.4.0\testng-7.4.0.jar;C:\Users\DELL\.m2\repository\com\beust\jcommander\1.78\jcommander-1.78.jar;C:\Users\DELL\.m2\repository\org\webjars\jquery\3.5.1\jquery-3.5.1.jar;C:\Users\DELL\.m2\repository\commons-io\commons-io\2.8.0\commons-io-2.8.0.jar;C:\Users\DELL\.m2\repository\org\apache\logging\log4j\log4j-core\2.14.1\log4j-core-2.14.1.jar;C:\Users\DELL\.m2\repository\org\apache\logging\log4j\log4j-api\2.14.1\log4j-api-2.14.1.jar;C:\Users\DELL\.m2\repository\com\aventstack\extentreports\5.0.8\extentreports-5.0.8.jar;C:\Users\DELL\.m2\repository\io\reactivex\rxjava3\rxjava\3.0.4\rxjava-3.0.4.jar;C:\Users\DELL\.m2\repository\org\reactivestreams\reactive-streams\1.0.3\reactive-streams-1.0.3.jar;C:\Users\DELL\.m2\repository\org\freemarker\freemarker\2.3.30\freemarker-2.3.30.jar;C:\Users\DELL\.m2\repository\org\projectlombok\lombok\1.18.12\lombok-1.18.12.jar;C:\Users\DELL\.m2\repository\com\google\code\gson\gson\2.8.6\gson-2.8.6.jar;"/>
    <property name="sun.cpu.endian" value="little"/>
    <property name="user.home" value="C:\Users\DELL"/>
    <property name="user.language" value="en"/>
    <property name="java.specification.vendor" value="Oracle Corporation"/>
    <property name="java.version.date" value="2021-01-19"/>
    <property name="java.home" value="D:\Automation\jdk-15.0.2_windows-x64_bin\jdk-15.0.2"/>
    <property name="file.separator" value="\"/>
    <property name="basedir" value="C:\Users\DELL\GitApr17admin"/>
    <property name="java.vm.compressedOopsMode" value="32-bit"/>
    <property name="line.separator" value="&#10;"/>
    <property name="java.vm.specification.vendor" value="Oracle Corporation"/>
    <property name="java.specification.name" value="Java Platform API Specification"/>
    <property name="surefire.real.class.path" value="C:\Users\DELL\AppData\Local\Temp\surefire18096001425185921419\surefirebooter15495388478919822534.jar"/>
    <property name="user.script" value=""/>
    <property name="sun.management.compiler" value="HotSpot 64-Bit Tiered Compilers"/>
    <property name="java.runtime.version" value="15.0.2+7-27"/>
    <property name="user.name" value="DELL"/>
    <property name="path.separator" value=";"/>
    <property name="os.version" value="10.0"/>
    <property name="java.runtime.name" value="Java(TM) SE Runtime Environment"/>
    <property name="file.encoding" value="Cp1252"/>
    <property name="sun.nio.ch.bugLevel" value=""/>
    <property name="java.vm.name" value="Java HotSpot(TM) 64-Bit Server VM"/>
    <property name="localRepository" value="C:\Users\DELL\.m2\repository"/>
    <property name="java.vendor.url.bug" value="https://bugreport.java.com/bugreport/"/>
    <property name="java.io.tmpdir" value="C:\Users\DELL\AppData\Local\Temp\"/>
    <property name="java.version" value="15.0.2"/>
    <property name="user.dir" value="C:\Users\DELL\GitApr17admin"/>
    <property name="os.arch" value="amd64"/>
    <property name="java.vm.specification.name" value="Java Virtual Machine Specification"/>
    <property name="sun.os.patch.level" value=""/>
    <property name="java.library.path" value="D:\Automation\jdk-15.0.2_windows-x64_bin\jdk-15.0.2\bin;C:\Windows\Sun\Java\bin;C:\Windows\system32;C:\Windows;C:\Windows\system32;C:\Windows;C:\Windows\System32\Wbem;C:\Windows\System32\WindowsPowerShell\v1.0\;C:\Windows\System32\OpenSSH\;D:\Automation\jdk-15.0.2_windows-x64_bin\jdk-15.0.2\bin;D:\Automation\apache-maven-3.6.3-bin\apache-maven-3.6.3\bin;C:\Program Files\Git\cmd;C:\Program Files\MySQL\MySQL Shell 8.0\bin\;C:\Users\DELL\AppData\Local\Microsoft\WindowsApps;;."/>
    <property name="java.vm.info" value="mixed mode, sharing"/>
    <property name="java.vendor" value="Oracle Corporation"/>
    <property name="java.vm.version" value="15.0.2+7-27"/>
    <property name="sun.io.unicode.encoding" value="UnicodeLittle"/>
    <property name="java.class.version" value="59.0"/>
  </properties>
  <testcase name="callBrowser" classname="Framework.E2ETesting.WorkingTest" time="9.477">
    <system-out><![CDATA[chrome
]]></system-out>
    <system-err><![CDATA[SLF4J: Failed to load class "org.slf4j.impl.StaticLoggerBinder".
SLF4J: Defaulting to no-operation (NOP) logger implementation
SLF4J: See http://www.slf4j.org/codes.html#StaticLoggerBinder for further details.
Starting ChromeDriver 90.0.4430.24 (4c6d850f087da467d926e8eddb76550aed655991-refs/branch-heads/4430@{#429}) on port 20293
Only local connections are allowed.
Please see https://chromedriver.chromium.org/security-considerations for suggestions on keeping ChromeDriver safe.
ChromeDriver was started successfully.
Apr 22, 2021 4:07:02 PM org.openqa.selenium.remote.ProtocolHandshake createSession
INFO: Detected dialect: W3C
Apr 22, 2021 4:07:03 PM org.openqa.selenium.devtools.CdpVersionFinder findNearestMatch
WARNING: Unable to find an exact match for CDP version 90, so returning the closest version found: 86
Apr 22, 2021 4:07:03 PM org.openqa.selenium.devtools.CdpVersionFinder findNearestMatch
INFO: Found CDP implementation for version 90 of 86
]]></system-err>
  </testcase>
  <testcase name="signIN[8939756308, 8939756308](1)" classname="Framework.E2ETesting.WorkingTest" time="1.941">
    <system-out><![CDATA[Amazon Sign In
]]></system-out>
  </testcase>
  <testcase name="dealChocolate" classname="Framework.E2ETesting.WorkingTest" time="0">
    <skipped message="expected [true] but found [false]"/>
    <system-out><![CDATA[https://www.amazon.in/electronics/b/?ie=UTF8&node=976419031&ref_=nav_cs_electronics_c5b70a82461a484189e700166599ce9f
]]></system-out>
  </testcase>
  <testcase name="dealChocolate" classname="Framework.E2ETesting.WorkingTest" time="0">
    <skipped message="expected [true] but found [false]"/>
    <system-out><![CDATA[https://www.amazon.in/electronics/b/?ie=UTF8&node=976419031&ref_=nav_cs_electronics_c5b70a82461a484189e700166599ce9f
]]></system-out>
  </testcase>
  <testcase name="dealChocolate" classname="Framework.E2ETesting.WorkingTest" time="1.373">
    <failure message="expected [true] but found [false]" type="java.lang.AssertionError"><![CDATA[java.lang.AssertionError: expected [true] but found [false]
	at Framework.E2ETesting.WorkingTest.dealChocolate(WorkingTest.java:83)
]]></failure>
    <system-out><![CDATA[https://www.amazon.in/electronics/b/?ie=UTF8&node=976419031&ref_=nav_cs_electronics_c5b70a82461a484189e700166599ce9f
]]></system-out>
  </testcase>
  <testcase name="deptest" classname="Framework.E2ETesting.WorkingTest" time="0">
    <skipped message="Method WorkingTest.deptest()[pri:0, instance:Framework.E2ETesting.WorkingTest@65c7a252] depends on not successfully finished methods"/>
  </testcase>
  <testcase name="m1" classname="Framework.E2ETesting.DummyTest" time="0.006">
    <system-out><![CDATA[am in m1
]]></system-out>
  </testcase>
  <testcase name="m1" classname="Framework.E2ETesting.DummyTest" time="0.001">
    <system-out><![CDATA[am in m1
]]></system-out>
  </testcase>
  <testcase name="m2" classname="Framework.E2ETesting.DummyTest" time="0.001">
    <system-out><![CDATA[am in m2
]]></system-out>
  </testcase>
  <testcase name="m2" classname="Framework.E2ETesting.DummyTest" time="0.001">
    <system-out><![CDATA[am in m2
]]></system-out>
  </testcase>
  <testcase name="m3" classname="Framework.E2ETesting.DummyTest" time="0">
    <system-out><![CDATA[am in m3
]]></system-out>
  </testcase>
  <testcase name="m3" classname="Framework.E2ETesting.DummyTest" time="0.001">
    <system-out><![CDATA[am in m3
]]></system-out>
  </testcase>
  <testcase name="m4" classname="Framework.E2ETesting.DummyTest" time="0">
    <system-out><![CDATA[am in m4
]]></system-out>
  </testcase>
  <testcase name="m4" classname="Framework.E2ETesting.DummyTest" time="0.001">
    <system-out><![CDATA[am in m4
]]></system-out>
  </testcase>
  <testcase name="m5" classname="Framework.E2ETesting.DummyTest" time="0.001">
    <system-out><![CDATA[am in m5
]]></system-out>
  </testcase>
  <testcase name="m5" classname="Framework.E2ETesting.DummyTest" time="0.001">
    <system-out><![CDATA[am in m5
]]></system-out>
  </testcase>
  <testcase name="m6" classname="Framework.E2ETesting.DummyTest" time="0.001">
    <system-out><![CDATA[am in m6
]]></system-out>
  </testcase>
  <testcase name="m6" classname="Framework.E2ETesting.DummyTest" time="0">
    <system-out><![CDATA[am in m6
]]></system-out>
  </testcase>
  <testcase name="m7" classname="Framework.E2ETesting.DummyTest" time="0.001">
    <system-out><![CDATA[am in m7
]]></system-out>
  </testcase>
  <testcase name="m7" classname="Framework.E2ETesting.DummyTest" time="0.001">
    <system-out><![CDATA[am in m7
]]></system-out>
  </testcase>
  <testcase name="c1" classname="Framework.E2ETesting.CheckTest" time="0.004">
    <system-out><![CDATA[am in c1
]]></system-out>
  </testcase>
  <testcase name="c2" classname="Framework.E2ETesting.CheckTest" time="0">
    <system-out><![CDATA[am in c2
]]></system-out>
  </testcase>
  <testcase name="c3" classname="Framework.E2ETesting.CheckTest" time="0">
    <system-out><![CDATA[am in c3
]]></system-out>
  </testcase>
  <testcase name="vt1" classname="PackageB.ValidateTest" time="0.019">
    <system-out><![CDATA[am in vt1
]]></system-out>
  </testcase>
  <testcase name="vt2" classname="PackageB.ValidateTest" time="0.001">
    <system-out><![CDATA[am in vt2
]]></system-out>
  </testcase>
  <testcase name="vt3" classname="PackageB.ValidateTest" time="0.001">
    <system-out><![CDATA[am in vt3
]]></system-out>
  </testcase>
</testsuite>