<?xml version="1.0" encoding="UTF-8"?>
<!-- Generated by org.testng.reporters.JUnitReportReporter -->
<testsuite hostname="DESKTOP-2HTDNFM" failures="0" tests="1" name="Framework.E2ETesting.DummyTest" time="0.014" errors="0" timestamp="2021-04-17T17:53:08 IST" skipped="0">
  <testcase classname="Framework.E2ETesting.DummyTest" name="m3" time="0.014"/>
  <system-out/>
</testsuite> <!-- Framework.E2ETesting.DummyTest -->
