<?xml version="1.0" encoding="UTF-8"?>
<!-- Generated by org.testng.reporters.JUnitReportReporter -->
<testsuite hostname="DESKTOP-2HTDNFM" failures="0" tests="4" name="Framework.E2ETesting.DummyTest" time="0.007" errors="0" timestamp="2021-04-17T23:25:21 IST" skipped="0">
  <testcase classname="Framework.E2ETesting.DummyTest" name="m3" time="0.001"/>
  <system-out/>
  <testcase classname="Framework.E2ETesting.DummyTest" name="m1" time="0.001"/>
  <system-out/>
  <testcase classname="Framework.E2ETesting.DummyTest" name="m2" time="0.003"/>
  <system-out/>
  <testcase classname="Framework.E2ETesting.DummyTest" name="m4" time="0.002"/>
  <system-out/>
</testsuite> <!-- Framework.E2ETesting.DummyTest -->
