<?xml version="1.0" encoding="UTF-8"?>
<!-- Generated by org.testng.reporters.JUnitReportReporter -->
<testsuite hostname="DESKTOP-2HTDNFM" failures="0" tests="3" name="Framework.E2ETesting.CheckTest" time="0.001" errors="0" timestamp="2021-04-22T16:07:21 IST" skipped="0">
  <testcase classname="Framework.E2ETesting.CheckTest" name="c1" time="0.001"/>
  <system-out/>
  <testcase classname="Framework.E2ETesting.CheckTest" name="c3" time="0.000"/>
  <system-out/>
  <testcase classname="Framework.E2ETesting.CheckTest" name="c2" time="0.000"/>
  <system-out/>
</testsuite> <!-- Framework.E2ETesting.CheckTest -->
