<?xml version="1.0" encoding="UTF-8"?>
<!-- Generated by org.testng.reporters.JUnitReportReporter -->
<testsuite hostname="DESKTOP-2HTDNFM" failures="0" tests="3" name="PackageB.ValidateTest" time="0.001" errors="0" timestamp="2021-04-19T16:57:26 IST" skipped="0">
  <testcase classname="PackageB.ValidateTest" name="vt2" time="0.000"/>
  <system-out/>
  <testcase classname="PackageB.ValidateTest" name="vt3" time="0.001"/>
  <system-out/>
  <testcase classname="PackageB.ValidateTest" name="vt1" time="0.000"/>
  <system-out/>
</testsuite> <!-- PackageB.ValidateTest -->
