<?xml version="1.0" encoding="UTF-8"?>
<!-- Generated by org.testng.reporters.JUnitReportReporter -->
<testsuite hostname="DESKTOP-2HTDNFM" failures="0" tests="8" name="Framework.E2ETesting.DummyTest" time="0.005" errors="0" timestamp="2021-04-19T16:57:26 IST" skipped="0">
  <testcase classname="Framework.E2ETesting.DummyTest" name="m2" time="0.000"/>
  <system-out/>
  <testcase classname="Framework.E2ETesting.DummyTest" name="m3" time="0.000"/>
  <system-out/>
  <testcase classname="Framework.E2ETesting.DummyTest" name="m4" time="0.000"/>
  <system-out/>
  <testcase classname="Framework.E2ETesting.DummyTest" name="m3" time="0.001"/>
  <system-out/>
  <testcase classname="Framework.E2ETesting.DummyTest" name="m1" time="0.004"/>
  <system-out/>
  <testcase classname="Framework.E2ETesting.DummyTest" name="m4" time="0.000"/>
  <system-out/>
  <testcase classname="Framework.E2ETesting.DummyTest" name="m1" time="0.000"/>
  <system-out/>
  <testcase classname="Framework.E2ETesting.DummyTest" name="m2" time="0.000"/>
  <system-out/>
</testsuite> <!-- Framework.E2ETesting.DummyTest -->
