<?xml version="1.0" encoding="UTF-8"?>
<!-- Generated by org.testng.reporters.JUnitReportReporter -->
<<<<<<< HEAD
<testsuite hostname="DESKTOP-2HTDNFM" failures="0" tests="3" name="Framework.E2ETesting.CheckTest" time="0.012" errors="0" timestamp="2021-04-19T16:57:26 IST" skipped="0">
  <testcase classname="Framework.E2ETesting.CheckTest" name="c1" time="0.012"/>
  <system-out/>
  <testcase classname="Framework.E2ETesting.CheckTest" name="c2" time="0.000"/>
  <system-out/>
  <testcase classname="Framework.E2ETesting.CheckTest" name="c3" time="0.000"/>
=======
<testsuite hostname="DESKTOP-2HTDNFM" failures="0" tests="3" name="Framework.E2ETesting.CheckTest" time="0.012" errors="0" timestamp="2021-04-17T23:23:04 IST" skipped="0">
  <testcase classname="Framework.E2ETesting.CheckTest" name="c1" time="0.011"/>
  <system-out/>
  <testcase classname="Framework.E2ETesting.CheckTest" name="c2" time="0.000"/>
  <system-out/>
  <testcase classname="Framework.E2ETesting.CheckTest" name="c3" time="0.001"/>
>>>>>>> 8d64b880684b3e87c19171ef0fc31eb6acd4443b
  <system-out/>
</testsuite> <!-- Framework.E2ETesting.CheckTest -->
